{"level":"info","ts":1740843317.538283,"caller":"logger/logger.go:43","msg":"Logger initialized successfully"}
{"level":"info","ts":1740843473.6287777,"caller":"middleware/grpc_interceptor.go:21","msg":"gRPC request started","method":"/payment.PaymentService/Charge"}
{"level":"info","ts":1740843474.8880599,"caller":"middleware/grpc_interceptor.go:43","msg":"gRPC request completed","method":"/payment.PaymentService/Charge","duration":1.2592821}
{"level":"info","ts":1740843483.227512,"caller":"middleware/grpc_interceptor.go:21","msg":"gRPC request started","method":"/payment.PaymentService/GetTransactionStatus"}
{"level":"info","ts":1740843483.2286372,"caller":"middleware/grpc_interceptor.go:43","msg":"gRPC request completed","method":"/payment.PaymentService/GetTransactionStatus","duration":0.0011256}
{"level":"info","ts":1740844479.3735092,"caller":"logger/logger.go:43","msg":"Logger initialized successfully"}
{"level":"info","ts":1740844485.849711,"caller":"middleware/grpc_interceptor.go:21","msg":"gRPC request started","method":"/payment.PaymentService/HealthCheck"}
{"level":"info","ts":1740844485.8512619,"caller":"middleware/grpc_interceptor.go:43","msg":"gRPC request completed","method":"/payment.PaymentService/HealthCheck","duration":0.0015511}
{"level":"info","ts":1740928242.0093114,"caller":"logger/logger.go:43","msg":"Logger initialized successfully"}
{"level":"info","ts":1740928763.2464168,"caller":"middleware/grpc_interceptor.go:21","msg":"gRPC request started","method":"/payment.PaymentService/Charge"}
{"level":"error","ts":1740928763.2580233,"caller":"middleware/grpc_interceptor.go:37","msg":"gRPC request failed","method":"/payment.PaymentService/Charge","error":"rpc error: code = Internal desc = Payment processing failed","duration":0.0116062,"stacktrace":"main.main.UnaryServerInterceptor.func2\n\tD:/headlight/douyin-mall/douyin-mall/common/middleware/grpc_interceptor.go:37\npayment-service/api._PaymentService_Charge_Handler\n\tD:/headlight/douyin-mall/douyin-mall/payment-service/api/payment_grpc.pb.go:136\ngoogle.golang.org/grpc.(*Server).processUnaryRPC\n\tC:/Users/yuyuy/go/pkg/mod/google.golang.org/grpc@v1.70.0/server.go:1400\ngoogle.golang.org/grpc.(*Server).handleStream\n\tC:/Users/yuyuy/go/pkg/mod/google.golang.org/grpc@v1.70.0/server.go:1810\ngoogle.golang.org/grpc.(*Server).serveStreams.func2.1\n\tC:/Users/yuyuy/go/pkg/mod/google.golang.org/grpc@v1.70.0/server.go:1030"}
{"level":"info","ts":1740929152.1388116,"caller":"middleware/grpc_interceptor.go:21","msg":"gRPC request started","method":"/payment.PaymentService/Charge"}
{"level":"error","ts":1740929152.1393492,"caller":"middleware/grpc_interceptor.go:37","msg":"gRPC request failed","method":"/payment.PaymentService/Charge","error":"rpc error: code = InvalidArgument desc = invalid amount","duration":0.0005377,"stacktrace":"main.main.UnaryServerInterceptor.func2\n\tD:/headlight/douyin-mall/douyin-mall/common/middleware/grpc_interceptor.go:37\npayment-service/api._PaymentService_Charge_Handler\n\tD:/headlight/douyin-mall/douyin-mall/payment-service/api/payment_grpc.pb.go:136\ngoogle.golang.org/grpc.(*Server).processUnaryRPC\n\tC:/Users/yuyuy/go/pkg/mod/google.golang.org/grpc@v1.70.0/server.go:1400\ngoogle.golang.org/grpc.(*Server).handleStream\n\tC:/Users/yuyuy/go/pkg/mod/google.golang.org/grpc@v1.70.0/server.go:1810\ngoogle.golang.org/grpc.(*Server).serveStreams.func2.1\n\tC:/Users/yuyuy/go/pkg/mod/google.golang.org/grpc@v1.70.0/server.go:1030"}
{"level":"info","ts":1740929195.6338701,"caller":"middleware/grpc_interceptor.go:21","msg":"gRPC request started","method":"/payment.PaymentService/Charge"}
{"level":"info","ts":1740929196.97197,"caller":"middleware/grpc_interceptor.go:43","msg":"gRPC request completed","method":"/payment.PaymentService/Charge","duration":1.3380999}
{"level":"info","ts":1740930049.0166702,"caller":"logger/logger.go:43","msg":"Logger initialized successfully"}
{"level":"info","ts":1740930082.6865926,"caller":"middleware/grpc_interceptor.go:21","msg":"gRPC request started","method":"/payment.PaymentService/Charge"}
{"level":"error","ts":1740930083.7964795,"caller":"middleware/grpc_interceptor.go:37","msg":"gRPC request failed","method":"/payment.PaymentService/Charge","error":"rpc error: code = Internal desc = Payment processing failed","duration":1.109887,"stacktrace":"main.main.UnaryServerInterceptor.func2\n\tD:/headlight/douyin-mall/douyin-mall/common/middleware/grpc_interceptor.go:37\npayment-service/api._PaymentService_Charge_Handler\n\tD:/headlight/douyin-mall/douyin-mall/payment-service/api/payment_grpc.pb.go:136\ngoogle.golang.org/grpc.(*Server).processUnaryRPC\n\tC:/Users/yuyuy/go/pkg/mod/google.golang.org/grpc@v1.70.0/server.go:1400\ngoogle.golang.org/grpc.(*Server).handleStream\n\tC:/Users/yuyuy/go/pkg/mod/google.golang.org/grpc@v1.70.0/server.go:1810\ngoogle.golang.org/grpc.(*Server).serveStreams.func2.1\n\tC:/Users/yuyuy/go/pkg/mod/google.golang.org/grpc@v1.70.0/server.go:1030"}
{"level":"info","ts":1740930342.2527304,"caller":"middleware/grpc_interceptor.go:21","msg":"gRPC request started","method":"/payment.PaymentService/Charge"}
{"level":"info","ts":1740930342.7594433,"caller":"middleware/grpc_interceptor.go:43","msg":"gRPC request completed","method":"/payment.PaymentService/Charge","duration":0.506713}
{"level":"info","ts":1740931667.3335261,"caller":"logger/logger.go:43","msg":"Logger initialized successfully"}
{"level":"info","ts":1740931682.8196237,"caller":"middleware/grpc_interceptor.go:21","msg":"gRPC request started","method":"/payment.PaymentService/Charge"}
{"level":"info","ts":1740931683.414012,"caller":"middleware/grpc_interceptor.go:43","msg":"gRPC request completed","method":"/payment.PaymentService/Charge","duration":0.594388}
{"level":"info","ts":1740932012.487326,"caller":"middleware/grpc_interceptor.go:21","msg":"gRPC request started","method":"/payment.PaymentService/GetTransactionStatus"}
{"level":"info","ts":1740932012.4883585,"caller":"middleware/grpc_interceptor.go:43","msg":"gRPC request completed","method":"/payment.PaymentService/GetTransactionStatus","duration":0.0010325}
{"level":"info","ts":1740932211.2522817,"caller":"middleware/grpc_interceptor.go:21","msg":"gRPC request started","method":"/payment.PaymentService/HealthCheck"}
{"level":"info","ts":1740932211.2528198,"caller":"middleware/grpc_interceptor.go:43","msg":"gRPC request completed","method":"/payment.PaymentService/HealthCheck","duration":0.0005381}
{"level":"info","ts":1741008611.365273,"caller":"logger/logger.go:43","msg":"Logger initialized successfully"}
{"level":"info","ts":1741011113.7205093,"caller":"middleware/grpc_interceptor.go:21","msg":"gRPC request started","method":"/payment.PaymentService/Charge"}
{"level":"info","ts":1741011113.7671027,"caller":"middleware/grpc_interceptor.go:43","msg":"gRPC request completed","method":"/payment.PaymentService/Charge","duration":0.0465935}
{"level":"info","ts":1741011222.4072204,"caller":"middleware/grpc_interceptor.go:21","msg":"gRPC request started","method":"/payment.PaymentService/GetTransactionStatus"}
{"level":"info","ts":1741011222.4085264,"caller":"middleware/grpc_interceptor.go:43","msg":"gRPC request completed","method":"/payment.PaymentService/GetTransactionStatus","duration":0.0013059}
{"level":"info","ts":1741011231.7101085,"caller":"middleware/grpc_interceptor.go:21","msg":"gRPC request started","method":"/payment.PaymentService/HealthCheck"}
{"level":"info","ts":1741011231.7101085,"caller":"middleware/grpc_interceptor.go:43","msg":"gRPC request completed","method":"/payment.PaymentService/HealthCheck","duration":0}
{"level":"info","ts":1741012772.1632435,"caller":"middleware/grpc_interceptor.go:21","msg":"gRPC request started","method":"/payment.PaymentService/HealthCheck"}
{"level":"info","ts":1741012772.1637976,"caller":"middleware/grpc_interceptor.go:43","msg":"gRPC request completed","method":"/payment.PaymentService/HealthCheck","duration":0.0005542}
{"level":"info","ts":1741012808.7807767,"caller":"middleware/grpc_interceptor.go:21","msg":"gRPC request started","method":"/payment.PaymentService/HealthCheck"}
{"level":"info","ts":1741012808.7807767,"caller":"middleware/grpc_interceptor.go:43","msg":"gRPC request completed","method":"/payment.PaymentService/HealthCheck","duration":0}
{"level":"info","ts":1741019773.9116645,"caller":"logger/logger.go:43","msg":"Logger initialized successfully"}
{"level":"info","ts":1741022231.289018,"caller":"middleware/grpc_interceptor.go:21","msg":"gRPC request started","method":"/payment.PaymentService/HealthCheck"}
{"level":"info","ts":1741022231.2911413,"caller":"middleware/grpc_interceptor.go:43","msg":"gRPC request completed","method":"/payment.PaymentService/HealthCheck","duration":0.0021235}
{"level":"info","ts":1741023198.4647546,"caller":"middleware/grpc_interceptor.go:21","msg":"gRPC request started","method":"/payment.PaymentService/Charge"}
{"level":"info","ts":1741023198.6819384,"caller":"middleware/grpc_interceptor.go:43","msg":"gRPC request completed","method":"/payment.PaymentService/Charge","duration":0.2171838}
{"level":"info","ts":1741023335.9435964,"caller":"middleware/grpc_interceptor.go:21","msg":"gRPC request started","method":"/payment.PaymentService/GetTransactionStatus"}
{"level":"info","ts":1741023335.9498985,"caller":"middleware/grpc_interceptor.go:43","msg":"gRPC request completed","method":"/payment.PaymentService/GetTransactionStatus","duration":0.0063022}
{"level":"info","ts":1741023357.5018528,"caller":"middleware/grpc_interceptor.go:21","msg":"gRPC request started","method":"/payment.PaymentService/HealthCheck"}
{"level":"info","ts":1741023357.5018528,"caller":"middleware/grpc_interceptor.go:43","msg":"gRPC request completed","method":"/payment.PaymentService/HealthCheck","duration":0.0016539}
{"level":"info","ts":1741023368.3650045,"caller":"middleware/grpc_interceptor.go:21","msg":"gRPC request started","method":"/payment.PaymentService/HealthCheck"}
{"level":"info","ts":1741023368.3650045,"caller":"middleware/grpc_interceptor.go:43","msg":"gRPC request completed","method":"/payment.PaymentService/HealthCheck","duration":0}
{"level":"info","ts":1741023405.2968202,"caller":"middleware/grpc_interceptor.go:21","msg":"gRPC request started","method":"/payment.PaymentService/HealthCheck"}
{"level":"info","ts":1741023405.2968202,"caller":"middleware/grpc_interceptor.go:43","msg":"gRPC request completed","method":"/payment.PaymentService/HealthCheck","duration":0}
{"level":"info","ts":1741023433.5106273,"caller":"middleware/grpc_interceptor.go:21","msg":"gRPC request started","method":"/payment.PaymentService/HealthCheck"}
{"level":"info","ts":1741023433.5106273,"caller":"middleware/grpc_interceptor.go:43","msg":"gRPC request completed","method":"/payment.PaymentService/HealthCheck","duration":0}
