{"level":"info","ts":1740843633.19963,"caller":"logger/logger.go:43","msg":"Logger initialized successfully"}
{"level":"info","ts":1740843633.2001443,"caller":"gateway/main.go:36","msg":"Gateway server starting","address":":8080","mode":"debug"}
{"level":"info","ts":1740843663.9584734,"caller":"middleware/logging.go:17","msg":"API request started","path":"/health","method":"GET","ip":"::1"}
{"level":"info","ts":1740843663.9683971,"caller":"middleware/logging.go:25","msg":"API request completed","path":"/health","status":200,"latency":0.0099237}
{"level":"info","ts":1740844058.898759,"caller":"middleware/logging.go:17","msg":"API request started","path":"/health","method":"GET","ip":"::1"}
{"level":"info","ts":1740844058.9034789,"caller":"middleware/logging.go:25","msg":"API request completed","path":"/health","status":200,"latency":0.0052259}
{"level":"info","ts":1740844379.0373652,"caller":"middleware/logging.go:17","msg":"API request started","path":"/ready","method":"GET","ip":"::1"}
{"level":"info","ts":1740844379.0425828,"caller":"middleware/logging.go:25","msg":"API request completed","path":"/ready","status":503,"latency":0.0052174}
{"level":"info","ts":1740844485.8322008,"caller":"middleware/logging.go:17","msg":"API request started","path":"/ready","method":"GET","ip":"::1"}
{"level":"info","ts":1740844485.8533168,"caller":"middleware/logging.go:25","msg":"API request completed","path":"/ready","status":200,"latency":0.0211162}
{"level":"info","ts":1740844550.3253622,"caller":"middleware/logging.go:17","msg":"API request started","path":"/metrics","method":"GET","ip":"::1"}
{"level":"info","ts":1740844550.3269029,"caller":"middleware/logging.go:25","msg":"API request completed","path":"/metrics","status":200,"latency":0.0015405}
{"level":"info","ts":1740844606.6981163,"caller":"middleware/logging.go:17","msg":"API request started","path":"/api/v1","method":"GET","ip":"::1"}
{"level":"info","ts":1740844606.6981163,"caller":"middleware/logging.go:25","msg":"API request completed","path":"/api/v1","status":404,"latency":0}
{"level":"info","ts":1740844632.7383971,"caller":"middleware/logging.go:17","msg":"API request started","path":"/:id","method":"GET","ip":"::1"}
{"level":"info","ts":1740844632.7383971,"caller":"middleware/logging.go:25","msg":"API request completed","path":"/:id","status":404,"latency":0}
{"level":"info","ts":1740844634.793697,"caller":"middleware/logging.go:17","msg":"API request started","path":"/:id","method":"GET","ip":"::1"}
{"level":"info","ts":1740844634.793697,"caller":"middleware/logging.go:25","msg":"API request completed","path":"/:id","status":404,"latency":0}
{"level":"info","ts":1740844637.7481143,"caller":"middleware/logging.go:17","msg":"API request started","path":"/:1","method":"GET","ip":"::1"}
{"level":"info","ts":1740844637.7491143,"caller":"middleware/logging.go:25","msg":"API request completed","path":"/:1","status":404,"latency":0.0009999}
{"level":"info","ts":1740844647.1236813,"caller":"middleware/logging.go:17","msg":"API request started","path":"/1","method":"GET","ip":"::1"}
{"level":"info","ts":1740844647.1236813,"caller":"middleware/logging.go:25","msg":"API request completed","path":"/1","status":404,"latency":0}
{"level":"info","ts":1740844858.137287,"caller":"middleware/logging.go:17","msg":"API request started","path":"/1","method":"GET","ip":"::1"}
{"level":"info","ts":1740844858.137287,"caller":"middleware/logging.go:25","msg":"API request completed","path":"/1","status":404,"latency":0}
{"level":"info","ts":1740844861.604904,"caller":"middleware/logging.go:17","msg":"API request started","path":"/:1","method":"GET","ip":"::1"}
{"level":"info","ts":1740844861.604904,"caller":"middleware/logging.go:25","msg":"API request completed","path":"/:1","status":404,"latency":0}
{"level":"info","ts":1740844910.6334684,"caller":"middleware/logging.go:17","msg":"API request started","path":"/charge","method":"POST","ip":"::1"}
{"level":"info","ts":1740844910.6349757,"caller":"middleware/logging.go:25","msg":"API request completed","path":"/charge","status":404,"latency":0.0015072}
{"level":"info","ts":1740845029.8834844,"caller":"middleware/logging.go:17","msg":"API request started","path":"/api/payment/charge","method":"POST","ip":"::1"}
{"level":"info","ts":1740845029.8834844,"caller":"middleware/logging.go:25","msg":"API request completed","path":"/api/payment/charge","status":404,"latency":0}
{"level":"info","ts":1740845039.3708248,"caller":"middleware/logging.go:17","msg":"API request started","path":"/api/payment/charge","method":"POST","ip":"::1"}
{"level":"info","ts":1740845039.3713295,"caller":"middleware/logging.go:25","msg":"API request completed","path":"/api/payment/charge","status":404,"latency":0.0005049}
{"level":"info","ts":1740845049.8629513,"caller":"middleware/logging.go:17","msg":"API request started","path":"/api/payment/charge","method":"POST","ip":"::1"}
{"level":"info","ts":1740845049.8629513,"caller":"middleware/logging.go:25","msg":"API request completed","path":"/api/payment/charge","status":404,"latency":0}
{"level":"info","ts":1740845089.9908752,"caller":"middleware/logging.go:17","msg":"API request started","path":"/api/payment/charge","method":"POST","ip":"::1"}
{"level":"info","ts":1740845089.9908752,"caller":"middleware/logging.go:25","msg":"API request completed","path":"/api/payment/charge","status":404,"latency":0}
{"level":"info","ts":1740845148.8936217,"caller":"middleware/logging.go:17","msg":"API request started","path":"/payments/charge","method":"POST","ip":"::1"}
{"level":"info","ts":1740845148.8936217,"caller":"middleware/logging.go:25","msg":"API request completed","path":"/payments/charge","status":404,"latency":0}
{"level":"info","ts":1740845230.5306752,"caller":"middleware/logging.go:17","msg":"API request started","path":"/api/payments/charge","method":"POST","ip":"::1"}
{"level":"info","ts":1740845230.5306752,"caller":"middleware/logging.go:25","msg":"API request completed","path":"/api/payments/charge","status":404,"latency":0}
{"level":"info","ts":1740845254.0828707,"caller":"middleware/logging.go:17","msg":"API request started","path":"/api/payments/charge","method":"POST","ip":"::1"}
{"level":"info","ts":1740845254.0828707,"caller":"middleware/logging.go:25","msg":"API request completed","path":"/api/payments/charge","status":404,"latency":0}
{"level":"info","ts":1741008640.3277833,"caller":"logger/logger.go:43","msg":"Logger initialized successfully"}
{"level":"info","ts":1741008640.328325,"caller":"gateway/main.go:36","msg":"Gateway server starting","address":":8080","mode":"debug"}
{"level":"info","ts":1741008960.7149956,"caller":"middleware/logging.go:17","msg":"API request started","path":"/ready","method":"GET","ip":"::1"}
{"level":"info","ts":1741008960.7155216,"caller":"middleware/logging.go:25","msg":"API request completed","path":"/ready","status":401,"latency":0.0005259}
{"level":"info","ts":1741011242.3466024,"caller":"middleware/logging.go:17","msg":"API request started","path":"/ready","method":"GET","ip":"::1"}
{"level":"info","ts":1741011242.347153,"caller":"middleware/logging.go:25","msg":"API request completed","path":"/ready","status":401,"latency":0.0005505}
{"level":"info","ts":1741011304.976715,"caller":"middleware/logging.go:17","msg":"API request started","path":"/api/v1/payments/:1","method":"GET","ip":"::1"}
{"level":"info","ts":1741011304.976715,"caller":"middleware/logging.go:25","msg":"API request completed","path":"/api/v1/payments/:1","status":401,"latency":0}
{"level":"info","ts":1741011386.6329083,"caller":"middleware/logging.go:17","msg":"API request started","path":"/metrics","method":"GET","ip":"::1"}
{"level":"info","ts":1741011386.6334264,"caller":"middleware/logging.go:25","msg":"API request completed","path":"/metrics","status":401,"latency":0.0005182}
{"level":"info","ts":1741011392.4131773,"caller":"middleware/logging.go:17","msg":"API request started","path":"/health","method":"GET","ip":"::1"}
{"level":"info","ts":1741011392.4131773,"caller":"middleware/logging.go:25","msg":"API request completed","path":"/health","status":401,"latency":0.0009473}
{"level":"info","ts":1741011460.9877288,"caller":"middleware/logging.go:17","msg":"API request started","path":"/health","method":"GET","ip":"::1"}
{"level":"info","ts":1741011460.9882414,"caller":"middleware/logging.go:25","msg":"API request completed","path":"/health","status":401,"latency":0.0005127}
{"level":"info","ts":1741011530.934225,"caller":"middleware/logging.go:17","msg":"API request started","path":"/health","method":"GET","ip":"::1"}
{"level":"info","ts":1741011530.934225,"caller":"middleware/logging.go:25","msg":"API request completed","path":"/health","status":401,"latency":0}
{"level":"info","ts":1741011588.3953993,"caller":"middleware/logging.go:17","msg":"API request started","path":"/userService","method":"GET","ip":"::1"}
{"level":"info","ts":1741011588.3953993,"caller":"middleware/logging.go:25","msg":"API request completed","path":"/userService","status":401,"latency":0}
{"level":"info","ts":1741011594.770585,"caller":"middleware/logging.go:17","msg":"API request started","path":"/userservice","method":"GET","ip":"::1"}
{"level":"info","ts":1741011594.770585,"caller":"middleware/logging.go:25","msg":"API request completed","path":"/userservice","status":404,"latency":0}
{"level":"info","ts":1741011783.4786363,"caller":"middleware/logging.go:17","msg":"API request started","path":"/ready","method":"GET","ip":"::1"}
{"level":"info","ts":1741011783.4786363,"caller":"middleware/logging.go:25","msg":"API request completed","path":"/ready","status":401,"latency":0}
{"level":"info","ts":1741012190.1430142,"caller":"middleware/logging.go:17","msg":"API request started","path":"/ready","method":"GET","ip":"::1"}
{"level":"info","ts":1741012190.1430142,"caller":"middleware/logging.go:25","msg":"API request completed","path":"/ready","status":401,"latency":0}
{"level":"info","ts":1741012201.02311,"caller":"middleware/logging.go:17","msg":"API request started","path":"/ready","method":"GET","ip":"::1"}
{"level":"info","ts":1741012201.02311,"caller":"middleware/logging.go:25","msg":"API request completed","path":"/ready","status":401,"latency":0}
{"level":"info","ts":1741012220.0438097,"caller":"middleware/logging.go:17","msg":"API request started","path":"/health","method":"GET","ip":"::1"}
{"level":"info","ts":1741012220.0442007,"caller":"middleware/logging.go:25","msg":"API request completed","path":"/health","status":401,"latency":0.0003912}
{"level":"info","ts":1741012490.0057008,"caller":"logger/logger.go:43","msg":"Logger initialized successfully"}
{"level":"info","ts":1741012490.0078082,"caller":"gateway/main.go:36","msg":"Gateway server starting","address":":8080","mode":"debug"}
{"level":"info","ts":1741012496.052782,"caller":"middleware/logging.go:17","msg":"API request started","path":"/health","method":"GET","ip":"::1"}
{"level":"info","ts":1741012496.0532856,"caller":"middleware/logging.go:25","msg":"API request completed","path":"/health","status":401,"latency":0.0005037}
{"level":"info","ts":1741012509.5108104,"caller":"middleware/logging.go:17","msg":"API request started","path":"/health","method":"GET","ip":"::1"}
{"level":"info","ts":1741012509.5108104,"caller":"middleware/logging.go:25","msg":"API request completed","path":"/health","status":401,"latency":0}
{"level":"info","ts":1741012567.5744984,"caller":"middleware/logging.go:17","msg":"API request started","path":"/health","method":"GET","ip":"::1"}
{"level":"info","ts":1741012567.5744984,"caller":"middleware/logging.go:25","msg":"API request completed","path":"/health","status":401,"latency":0}
{"level":"info","ts":1741012579.8712397,"caller":"logger/logger.go:43","msg":"Logger initialized successfully"}
{"level":"info","ts":1741012579.8722706,"caller":"gateway/main.go:36","msg":"Gateway server starting","address":":8080","mode":"debug"}
{"level":"info","ts":1741012584.815725,"caller":"middleware/logging.go:17","msg":"API request started","path":"/health","method":"GET","ip":"::1"}
{"level":"info","ts":1741012584.8162436,"caller":"middleware/logging.go:25","msg":"API request completed","path":"/health","status":401,"latency":0.0005185}
{"level":"info","ts":1741012606.2187188,"caller":"middleware/logging.go:17","msg":"API request started","path":"/health","method":"GET","ip":"::1"}
{"level":"info","ts":1741012606.2192228,"caller":"middleware/logging.go:25","msg":"API request completed","path":"/health","status":401,"latency":0.0005043}
{"level":"info","ts":1741012611.6439042,"caller":"middleware/logging.go:17","msg":"API request started","path":"/health","method":"GET","ip":"::1"}
{"level":"info","ts":1741012611.6439042,"caller":"middleware/logging.go:25","msg":"API request completed","path":"/health","status":401,"latency":0}
{"level":"info","ts":1741012759.7414033,"caller":"middleware/logging.go:17","msg":"API request started","path":"/health","method":"GET","ip":"::1"}
{"level":"info","ts":1741012759.7414033,"caller":"middleware/logging.go:25","msg":"API request completed","path":"/health","status":401,"latency":0}
{"level":"info","ts":1741012766.499798,"caller":"logger/logger.go:43","msg":"Logger initialized successfully"}
{"level":"info","ts":1741012766.5008504,"caller":"gateway/main.go:36","msg":"Gateway server starting","address":":8080","mode":"debug"}
{"level":"info","ts":1741012772.1527972,"caller":"middleware/logging.go:17","msg":"API request started","path":"/health","method":"GET","ip":"::1"}
{"level":"info","ts":1741012772.1643155,"caller":"middleware/logging.go:25","msg":"API request completed","path":"/health","status":200,"latency":0.0115181}
{"level":"info","ts":1741012795.3015258,"caller":"middleware/logging.go:17","msg":"API request started","path":"/metrics","method":"GET","ip":"::1"}
{"level":"info","ts":1741012795.302544,"caller":"middleware/logging.go:25","msg":"API request completed","path":"/metrics","status":200,"latency":0.0016185}
{"level":"info","ts":1741012808.7755613,"caller":"middleware/logging.go:17","msg":"API request started","path":"/ready","method":"GET","ip":"::1"}
{"level":"info","ts":1741012808.7813191,"caller":"middleware/logging.go:25","msg":"API request completed","path":"/ready","status":200,"latency":0.005758}
{"level":"info","ts":1741012837.1912203,"caller":"middleware/logging.go:17","msg":"API request started","path":"/api/v1/payments/:1","method":"GET","ip":"::1"}
{"level":"info","ts":1741012837.1912203,"caller":"middleware/logging.go:25","msg":"API request completed","path":"/api/v1/payments/:1","status":401,"latency":0}
{"level":"info","ts":1741012894.2586436,"caller":"middleware/logging.go:17","msg":"API request started","path":"/api/v1/payments/:f71ab1d8-c553-4d79-b424-611442f744b0","method":"GET","ip":"::1"}
{"level":"info","ts":1741012894.2586436,"caller":"middleware/logging.go:25","msg":"API request completed","path":"/api/v1/payments/:f71ab1d8-c553-4d79-b424-611442f744b0","status":401,"latency":0}
{"level":"info","ts":1741012905.099101,"caller":"middleware/logging.go:17","msg":"API request started","path":"/api/v1/payments/:f71ab1d8-c553-4d79-b424-611442f744b0","method":"GET","ip":"::1"}
{"level":"info","ts":1741012905.0996377,"caller":"middleware/logging.go:25","msg":"API request completed","path":"/api/v1/payments/:f71ab1d8-c553-4d79-b424-611442f744b0","status":401,"latency":0.0005365}
{"level":"info","ts":1741012911.095157,"caller":"middleware/logging.go:17","msg":"API request started","path":"/api/v1/payments/f71ab1d8-c553-4d79-b424-611442f744b0","method":"GET","ip":"::1"}
{"level":"info","ts":1741012911.095157,"caller":"middleware/logging.go:25","msg":"API request completed","path":"/api/v1/payments/f71ab1d8-c553-4d79-b424-611442f744b0","status":401,"latency":0}
{"level":"info","ts":1741013526.5145364,"caller":"logger/logger.go:43","msg":"Logger initialized successfully"}
{"level":"info","ts":1741013526.5150485,"caller":"gateway/main.go:36","msg":"Gateway server starting","address":":8080","mode":"debug"}
{"level":"info","ts":1741013540.5010757,"caller":"middleware/logging.go:17","msg":"API request started","path":"/api/v1/payments/:f71ab1d8-c553-4d79-b424-611442f744b0","method":"GET","ip":"::1"}
{"level":"info","ts":1741013540.5016084,"caller":"middleware/logging.go:25","msg":"API request completed","path":"/api/v1/payments/:f71ab1d8-c553-4d79-b424-611442f744b0","status":401,"latency":0.0005329}
{"level":"info","ts":1741013547.5071895,"caller":"middleware/logging.go:17","msg":"API request started","path":"/api/v1/payments/:1","method":"GET","ip":"::1"}
{"level":"info","ts":1741013547.5071895,"caller":"middleware/logging.go:25","msg":"API request completed","path":"/api/v1/payments/:1","status":401,"latency":0}
{"level":"info","ts":1741013625.2361572,"caller":"logger/logger.go:43","msg":"Logger initialized successfully"}
{"level":"info","ts":1741013625.2371812,"caller":"gateway/main.go:36","msg":"Gateway server starting","address":":8080","mode":"debug"}
{"level":"info","ts":1741013630.7825727,"caller":"middleware/logging.go:17","msg":"API request started","path":"/api/v1/payments/:1","method":"GET","ip":"::1"}
{"level":"info","ts":1741013630.7825727,"caller":"middleware/logging.go:25","msg":"API request completed","path":"/api/v1/payments/:1","status":401,"latency":0.0005358}
{"level":"info","ts":1741013688.6522028,"caller":"middleware/logging.go:17","msg":"API request started","path":"/api/v1/payments/:1","method":"GET","ip":"::1"}
{"level":"info","ts":1741013688.6522028,"caller":"middleware/logging.go:25","msg":"API request completed","path":"/api/v1/payments/:1","status":401,"latency":0}
{"level":"info","ts":1741013700.9855423,"caller":"middleware/logging.go:17","msg":"API request started","path":"/api/v1/payments/:3","method":"GET","ip":"::1"}
{"level":"info","ts":1741013700.9855423,"caller":"middleware/logging.go:25","msg":"API request completed","path":"/api/v1/payments/:3","status":401,"latency":0}
{"level":"info","ts":1741014286.9827085,"caller":"logger/logger.go:43","msg":"Logger initialized successfully"}
{"level":"info","ts":1741014286.9837298,"caller":"gateway/main.go:36","msg":"Gateway server starting","address":":8080","mode":"debug"}
{"level":"info","ts":1741014293.8913443,"caller":"middleware/logging.go:17","msg":"API request started","path":"/api/v1/payments/:3","method":"GET","ip":"::1"}
{"level":"info","ts":1741014293.8913443,"caller":"middleware/logging.go:25","msg":"API request completed","path":"/api/v1/payments/:3","status":401,"latency":0}
{"level":"info","ts":1741014307.842589,"caller":"middleware/logging.go:17","msg":"API request started","path":"/api/v1/payments/:3","method":"GET","ip":"::1"}
{"level":"info","ts":1741014307.8435395,"caller":"middleware/logging.go:25","msg":"API request completed","path":"/api/v1/payments/:3","status":401,"latency":0.0009505}
{"level":"info","ts":1741014332.6361895,"caller":"middleware/logging.go:17","msg":"API request started","path":"/api/v1/payments/:f71ab1d8-c553-4d79-b424-611442f744b0","method":"GET","ip":"::1"}
{"level":"info","ts":1741014332.6361895,"caller":"middleware/logging.go:25","msg":"API request completed","path":"/api/v1/payments/:f71ab1d8-c553-4d79-b424-611442f744b0","status":401,"latency":0}
{"level":"info","ts":1741014337.224449,"caller":"middleware/logging.go:17","msg":"API request started","path":"/api/v1/payments/:3","method":"GET","ip":"::1"}
{"level":"info","ts":1741014337.224449,"caller":"middleware/logging.go:25","msg":"API request completed","path":"/api/v1/payments/:3","status":401,"latency":0}
{"level":"info","ts":1741014442.8446717,"caller":"middleware/logging.go:17","msg":"API request started","path":"/api/v1/payments/:3","method":"GET","ip":"::1"}
{"level":"info","ts":1741014442.8446717,"caller":"middleware/logging.go:25","msg":"API request completed","path":"/api/v1/payments/:3","status":401,"latency":0}
{"level":"info","ts":1741015069.6665874,"caller":"middleware/logging.go:17","msg":"API request started","path":"/api/v1/payments/:3","method":"GET","ip":"::1"}
{"level":"info","ts":1741015069.6673434,"caller":"middleware/logging.go:25","msg":"API request completed","path":"/api/v1/payments/:3","status":401,"latency":0.0007559}
{"level":"info","ts":1741015073.0437715,"caller":"middleware/logging.go:17","msg":"API request started","path":"/api/v1/payments/:3","method":"GET","ip":"::1"}
{"level":"info","ts":1741015073.0437715,"caller":"middleware/logging.go:25","msg":"API request completed","path":"/api/v1/payments/:3","status":401,"latency":0}
{"level":"info","ts":1741015109.149596,"caller":"middleware/logging.go:17","msg":"API request started","path":"/api/v1/payments/:3","method":"GET","ip":"::1"}
{"level":"info","ts":1741015109.149596,"caller":"middleware/logging.go:25","msg":"API request completed","path":"/api/v1/payments/:3","status":401,"latency":0}
{"level":"info","ts":1741015146.2956672,"caller":"middleware/logging.go:17","msg":"API request started","path":"/api/v1/payments/:3","method":"GET","ip":"::1"}
{"level":"info","ts":1741015146.2956672,"caller":"middleware/logging.go:25","msg":"API request completed","path":"/api/v1/payments/:3","status":401,"latency":0.0005499}
{"level":"info","ts":1741015152.2189646,"caller":"middleware/logging.go:17","msg":"API request started","path":"/api/v1/payments/:3","method":"GET","ip":"::1"}
{"level":"info","ts":1741015152.2189646,"caller":"middleware/logging.go:25","msg":"API request completed","path":"/api/v1/payments/:3","status":401,"latency":0}
{"level":"info","ts":1741015293.2413433,"caller":"logger/logger.go:43","msg":"Logger initialized successfully"}
{"level":"info","ts":1741015293.2423675,"caller":"gateway/main.go:36","msg":"Gateway server starting","address":":8080","mode":"debug"}
{"level":"info","ts":1741015300.8346882,"caller":"middleware/logging.go:17","msg":"API request started","path":"/api/v1/payments/:3","method":"GET","ip":"::1"}
{"level":"info","ts":1741015300.8434508,"caller":"middleware/logging.go:25","msg":"API request completed","path":"/api/v1/payments/:3","status":401,"latency":0.0087625}
{"level":"info","ts":1741015315.639027,"caller":"middleware/logging.go:17","msg":"API request started","path":"/api/v1/payments/:3","method":"GET","ip":"::1"}
{"level":"info","ts":1741015315.639027,"caller":"middleware/logging.go:25","msg":"API request completed","path":"/api/v1/payments/:3","status":401,"latency":0}
{"level":"info","ts":1741015504.8707082,"caller":"middleware/logging.go:17","msg":"API request started","path":"/api/v1/payments/:3","method":"GET","ip":"::1"}
{"level":"info","ts":1741015504.8707082,"caller":"middleware/logging.go:25","msg":"API request completed","path":"/api/v1/payments/:3","status":401,"latency":0}
{"level":"info","ts":1741015527.2100623,"caller":"middleware/logging.go:17","msg":"API request started","path":"/api/v1/payments/:3","method":"GET","ip":"::1"}
{"level":"info","ts":1741015527.2100623,"caller":"middleware/logging.go:25","msg":"API request completed","path":"/api/v1/payments/:3","status":401,"latency":0}
{"level":"info","ts":1741015531.496911,"caller":"middleware/logging.go:17","msg":"API request started","path":"/api/v1/payments/:3","method":"GET","ip":"::1"}
{"level":"info","ts":1741015531.496911,"caller":"middleware/logging.go:25","msg":"API request completed","path":"/api/v1/payments/:3","status":401,"latency":0}
{"level":"info","ts":1741017686.0582879,"caller":"logger/logger.go:43","msg":"Logger initialized successfully"}
{"level":"info","ts":1741017686.0593185,"caller":"gateway/main.go:36","msg":"Gateway server starting","address":":8080","mode":"debug"}
{"level":"info","ts":1741017699.4675155,"caller":"middleware/logging.go:17","msg":"API request started","path":"/api/v1/payments/:3","method":"GET","ip":"::1"}
{"level":"info","ts":1741017699.479982,"caller":"middleware/logging.go:25","msg":"API request completed","path":"/api/v1/payments/:3","status":401,"latency":0.0124662}
{"level":"info","ts":1741017706.139651,"caller":"middleware/logging.go:17","msg":"API request started","path":"/api/v1/payments/:3","method":"GET","ip":"::1"}
{"level":"info","ts":1741017706.140157,"caller":"middleware/logging.go:25","msg":"API request completed","path":"/api/v1/payments/:3","status":401,"latency":0.0005057}
{"level":"info","ts":1741017717.9625866,"caller":"middleware/logging.go:17","msg":"API request started","path":"/api/v1/payments/:3","method":"GET","ip":"::1"}
{"level":"info","ts":1741017717.9631062,"caller":"middleware/logging.go:25","msg":"API request completed","path":"/api/v1/payments/:3","status":401,"latency":0.0005195}
{"level":"info","ts":1741017912.015463,"caller":"logger/logger.go:43","msg":"Logger initialized successfully"}
{"level":"info","ts":1741017912.016485,"caller":"gateway/main.go:36","msg":"Gateway server starting","address":":8080","mode":"debug"}
{"level":"info","ts":1741017917.2250674,"caller":"middleware/logging.go:17","msg":"API request started","path":"/api/v1/payments/:3","method":"GET","ip":"::1"}
{"level":"info","ts":1741017917.2345626,"caller":"middleware/logging.go:25","msg":"API request completed","path":"/api/v1/payments/:3","status":401,"latency":0.0094952}
{"level":"info","ts":1741018027.9182193,"caller":"logger/logger.go:43","msg":"Logger initialized successfully"}
{"level":"info","ts":1741018027.919245,"caller":"gateway/main.go:36","msg":"Gateway server starting","address":":8080","mode":"debug"}
{"level":"info","ts":1741018035.3738916,"caller":"middleware/logging.go:17","msg":"API request started","path":"/api/v1/payments/:3","method":"GET","ip":"::1"}
{"level":"info","ts":1741018035.3836632,"caller":"middleware/logging.go:25","msg":"API request completed","path":"/api/v1/payments/:3","status":401,"latency":0.0097715}
{"level":"info","ts":1741018056.394863,"caller":"middleware/logging.go:17","msg":"API request started","path":"/ready","method":"GET","ip":"::1"}
{"level":"info","ts":1741018056.4033332,"caller":"middleware/logging.go:25","msg":"API request completed","path":"/ready","status":503,"latency":0.0084704}
{"level":"info","ts":1741019790.5174134,"caller":"logger/logger.go:43","msg":"Logger initialized successfully"}
{"level":"info","ts":1741019790.5179243,"caller":"gateway/main.go:36","msg":"Gateway server starting","address":":8080","mode":"debug"}
{"level":"info","ts":1741020736.7684257,"caller":"middleware/logging.go:17","msg":"API request started","path":"/api/payments/:3","method":"GET","ip":"::1"}
{"level":"info","ts":1741020736.7684257,"caller":"middleware/logging.go:25","msg":"API request completed","path":"/api/payments/:3","status":404,"latency":0}
{"level":"info","ts":1741020843.480347,"caller":"middleware/logging.go:17","msg":"API request started","path":"/api/payments/:f71ab1d8-c553-4d79-b424-611442f744b0","method":"GET","ip":"::1"}
{"level":"info","ts":1741020843.480347,"caller":"middleware/logging.go:25","msg":"API request completed","path":"/api/payments/:f71ab1d8-c553-4d79-b424-611442f744b0","status":404,"latency":0}
{"level":"info","ts":1741020867.2182539,"caller":"middleware/logging.go:17","msg":"API request started","path":"/api/payments/:f71ab1d8-c553-4d79-b424-611442f744b0","method":"GET","ip":"::1"}
{"level":"info","ts":1741020867.2182539,"caller":"middleware/logging.go:25","msg":"API request completed","path":"/api/payments/:f71ab1d8-c553-4d79-b424-611442f744b0","status":404,"latency":0}
{"level":"info","ts":1741020878.119345,"caller":"middleware/logging.go:17","msg":"API request started","path":"/api/payments/:1741011113704","method":"GET","ip":"::1"}
{"level":"info","ts":1741020878.119345,"caller":"middleware/logging.go:25","msg":"API request completed","path":"/api/payments/:1741011113704","status":404,"latency":0}
{"level":"info","ts":1741020901.3725712,"caller":"middleware/logging.go:17","msg":"API request started","path":"/api/payments/:id","method":"GET","ip":"::1"}
{"level":"info","ts":1741020901.3731298,"caller":"middleware/logging.go:25","msg":"API request completed","path":"/api/payments/:id","status":404,"latency":0.0005584}
{"level":"info","ts":1741020973.5823145,"caller":"middleware/logging.go:17","msg":"API request started","path":"/api/payments/:f71ab1d8-c553-4d79-b424-611442f744b0","method":"GET","ip":"::1"}
{"level":"info","ts":1741020973.5828178,"caller":"middleware/logging.go:25","msg":"API request completed","path":"/api/payments/:f71ab1d8-c553-4d79-b424-611442f744b0","status":404,"latency":0.0005034}
{"level":"info","ts":1741020994.7326117,"caller":"middleware/logging.go:17","msg":"API request started","path":"/api/payments/:f71ab1d8-c553-4d79-b424-611442f744b0","method":"GET","ip":"::1"}
{"level":"info","ts":1741020994.7326117,"caller":"middleware/logging.go:25","msg":"API request completed","path":"/api/payments/:f71ab1d8-c553-4d79-b424-611442f744b0","status":404,"latency":0}
{"level":"info","ts":1741020997.9110963,"caller":"middleware/logging.go:17","msg":"API request started","path":"/api/payments/:f71ab1d8-c553-4d79-b424-611442f744b0","method":"GET","ip":"::1"}
{"level":"info","ts":1741020997.9110963,"caller":"middleware/logging.go:25","msg":"API request completed","path":"/api/payments/:f71ab1d8-c553-4d79-b424-611442f744b0","status":404,"latency":0}
{"level":"info","ts":1741021010.691494,"caller":"middleware/logging.go:17","msg":"API request started","path":"/api/payments/","method":"GET","ip":"::1"}
{"level":"info","ts":1741021010.691494,"caller":"middleware/logging.go:25","msg":"API request completed","path":"/api/payments/","status":404,"latency":0}
{"level":"info","ts":1741021013.2509694,"caller":"middleware/logging.go:17","msg":"API request started","path":"/api/payments","method":"GET","ip":"::1"}
{"level":"info","ts":1741021013.2509694,"caller":"middleware/logging.go:25","msg":"API request completed","path":"/api/payments","status":404,"latency":0}
{"level":"info","ts":1741021017.7075224,"caller":"middleware/logging.go:17","msg":"API request started","path":"/api/payments/charge","method":"POST","ip":"::1"}
{"level":"info","ts":1741021017.7084448,"caller":"middleware/logging.go:25","msg":"API request completed","path":"/api/payments/charge","status":404,"latency":0.0009227}
{"level":"info","ts":1741021654.9605556,"caller":"middleware/logging.go:17","msg":"API request started","path":"/api/payments/:3","method":"GET","ip":"::1"}
{"level":"info","ts":1741021654.961285,"caller":"middleware/logging.go:25","msg":"API request completed","path":"/api/payments/:3","status":404,"latency":0.0007298}
{"level":"info","ts":1741021709.2615788,"caller":"middleware/logging.go:17","msg":"API request started","path":"/api/payments/:3","method":"GET","ip":"::1"}
{"level":"info","ts":1741021709.2615788,"caller":"middleware/logging.go:25","msg":"API request completed","path":"/api/payments/:3","status":404,"latency":0}
{"level":"info","ts":1741021728.2747872,"caller":"middleware/logging.go:17","msg":"API request started","path":"/api/payments/:3","method":"GET","ip":"::1"}
{"level":"info","ts":1741021728.2747872,"caller":"middleware/logging.go:25","msg":"API request completed","path":"/api/payments/:3","status":404,"latency":0}
{"level":"info","ts":1741021754.868039,"caller":"middleware/logging.go:17","msg":"API request started","path":"/api/payments/:f71ab1d8-c553-4d79-b424-611442f744b0","method":"GET","ip":"::1"}
{"level":"info","ts":1741021754.868039,"caller":"middleware/logging.go:25","msg":"API request completed","path":"/api/payments/:f71ab1d8-c553-4d79-b424-611442f744b0","status":404,"latency":0}
{"level":"info","ts":1741021792.3006337,"caller":"middleware/logging.go:17","msg":"API request started","path":"/api/payments/:f71ab1d8-c553-4d79-b424-611442f744b0","method":"GET","ip":"::1"}
{"level":"info","ts":1741021792.3006337,"caller":"middleware/logging.go:25","msg":"API request completed","path":"/api/payments/:f71ab1d8-c553-4d79-b424-611442f744b0","status":404,"latency":0}
{"level":"info","ts":1741021804.897617,"caller":"middleware/logging.go:17","msg":"API request started","path":"/api/payments/:1741011113704","method":"GET","ip":"::1"}
{"level":"info","ts":1741021804.897617,"caller":"middleware/logging.go:25","msg":"API request completed","path":"/api/payments/:1741011113704","status":404,"latency":0}
{"level":"info","ts":1741022042.8571699,"caller":"logger/logger.go:43","msg":"Logger initialized successfully"}
{"level":"info","ts":1741022042.8581946,"caller":"gateway/main.go:36","msg":"Gateway server starting","address":":8080","mode":"debug"}
{"level":"info","ts":1741022051.9000697,"caller":"middleware/logging.go:17","msg":"API request started","path":"/api/payments/:3","method":"GET","ip":"::1"}
{"level":"info","ts":1741022051.9005747,"caller":"middleware/logging.go:25","msg":"API request completed","path":"/api/payments/:3","status":404,"latency":0.0005051}
{"level":"info","ts":1741022072.921909,"caller":"middleware/logging.go:17","msg":"API request started","path":"/api/payments/3","method":"GET","ip":"::1"}
{"level":"info","ts":1741022072.921909,"caller":"middleware/logging.go:25","msg":"API request completed","path":"/api/payments/3","status":404,"latency":0}
{"level":"info","ts":1741022080.208411,"caller":"middleware/logging.go:17","msg":"API request started","path":"/api/payments/:3","method":"GET","ip":"::1"}
{"level":"info","ts":1741022080.208411,"caller":"middleware/logging.go:25","msg":"API request completed","path":"/api/payments/:3","status":404,"latency":0}
{"level":"info","ts":1741022121.8485744,"caller":"logger/logger.go:43","msg":"Logger initialized successfully"}
{"level":"info","ts":1741022121.8490908,"caller":"gateway/main.go:36","msg":"Gateway server starting","address":":8080","mode":"debug"}
{"level":"info","ts":1741022183.2433894,"caller":"middleware/logging.go:17","msg":"API request started","path":"/api/payments/:3","method":"GET","ip":"::1"}
{"level":"info","ts":1741022183.2433894,"caller":"middleware/logging.go:25","msg":"API request completed","path":"/api/payments/:3","status":404,"latency":0}
{"level":"info","ts":1741022206.667476,"caller":"middleware/logging.go:17","msg":"API request started","path":"/api/payments/:3","method":"GET","ip":"::1"}
{"level":"info","ts":1741022206.667476,"caller":"middleware/logging.go:25","msg":"API request completed","path":"/api/payments/:3","status":404,"latency":0}
{"level":"info","ts":1741022214.836551,"caller":"middleware/logging.go:17","msg":"API request started","path":"/api/payments/:3","method":"GET","ip":"::1"}
{"level":"info","ts":1741022214.836551,"caller":"middleware/logging.go:25","msg":"API request completed","path":"/api/payments/:3","status":404,"latency":0}
{"level":"info","ts":1741022231.266012,"caller":"middleware/logging.go:17","msg":"API request started","path":"/ready","method":"GET","ip":"::1"}
{"level":"info","ts":1741022231.2937307,"caller":"middleware/logging.go:25","msg":"API request completed","path":"/ready","status":200,"latency":0.0277189}
{"level":"info","ts":1741022317.119162,"caller":"logger/logger.go:43","msg":"Logger initialized successfully"}
{"level":"info","ts":1741022317.119673,"caller":"gateway/main.go:36","msg":"Gateway server starting","address":":8080","mode":"debug"}
{"level":"info","ts":1741023405.2856152,"caller":"middleware/logging.go:17","msg":"API request started","path":"/health","method":"GET","ip":"::1"}
{"level":"info","ts":1741023405.297848,"caller":"middleware/logging.go:25","msg":"API request completed","path":"/health","status":200,"latency":0.0122328}
{"level":"info","ts":1741023433.5057793,"caller":"middleware/logging.go:17","msg":"API request started","path":"/ready","method":"GET","ip":"::1"}
{"level":"info","ts":1741023433.511143,"caller":"middleware/logging.go:25","msg":"API request completed","path":"/ready","status":200,"latency":0.0053637}
